# JRE version: Java(TM) SE Runtime Environment (8.0_66-b18) (build 1.8.0_66-b18)
# Java VM: Java HotSpot(TM) 64-Bit Server VM (25.66-b18 mixed mode windows-amd64 compressed oops)
Heap:
 PSYoungGen      total 56320K, used 3899K [0x00000007bc400000, 0x00000007c0000000, 0x00000007c0000000)
  eden space 51200K, 3% used [0x00000007bc400000,0x00000007bc5e8c90,0x00000007bf600000)
  from space 5120K, 37% used [0x00000007bfb00000,0x00000007bfce5f80,0x00000007c0000000)
  to   space 5120K, 0% used [0x00000007bf600000,0x00000007bf600000,0x00000007bfb00000)
 ParOldGen       total 171008K, used 42979K [0x0000000700000000, 0x000000070a700000, 0x00000007bc400000)
  object space 171008K, 25% used [0x0000000700000000,0x00000007029f8de0,0x000000070a700000)
 Metaspace       used 58854K, capacity 59477K, committed 60032K, reserved 1101824K
  class space    used 7887K, capacity 8035K, committed 8064K, reserved 1048576K
GC Heap History (10 events):
Event: 1935.083 GC heap before
{Heap before GC invocations=123 (full 6):
 PSYoungGen      total 56832K, used 38826K [0x00000007bc400000, 0x00000007c0000000, 0x00000007c0000000)
  eden space 52224K, 68% used [0x00000007bc400000,0x00000007be6d6408,0x00000007bf700000)
  from space 4608K, 68% used [0x00000007bfb80000,0x00000007bfe94440,0x00000007c0000000)
  to   space 4608K, 0% used [0x00000007bf700000,0x00000007bf700000,0x00000007bfb80000)
 ParOldGen       total 171008K, used 45383K [0x0000000700000000, 0x000000070a700000, 0x00000007bc400000)
  object space 171008K, 26% used [0x0000000700000000,0x0000000702c51e90,0x000000070a700000)
 Metaspace       used 58773K, capacity 59413K, committed 60032K, reserved 1101824K
  class space    used 7887K, capacity 8035K, committed 8064K, reserved 1048576K
Event: 1935.093 GC heap after
Heap after GC invocations=123 (full 6):
 PSYoungGen      total 56832K, used 3031K [0x00000007bc400000, 0x00000007c0000000, 0x00000007c0000000)
  eden space 52224K, 0% used [0x00000007bc400000,0x00000007bc400000,0x00000007bf700000)
  from space 4608K, 65% used [0x00000007bf700000,0x00000007bf9f5e58,0x00000007bfb80000)
  to   space 4608K, 0% used [0x00000007bfb80000,0x00000007bfb80000,0x00000007c0000000)
 ParOldGen       total 171008K, used 45471K [0x0000000700000000, 0x000000070a700000, 0x00000007bc400000)
  object space 171008K, 26% used [0x0000000700000000,0x0000000702c67e90,0x000000070a700000)
 Metaspace       used 58773K, capacity 59413K, committed 60032K, reserved 1101824K
  class space    used 7887K, capacity 8035K, committed 8064K, reserved 1048576K
}
Event: 1935.093 GC heap before
{Heap before GC invocations=124 (full 7):
 PSYoungGen      total 56832K, used 3031K [0x00000007bc400000, 0x00000007c0000000, 0x00000007c0000000)
  eden space 52224K, 0% used [0x00000007bc400000,0x00000007bc400000,0x00000007bf700000)
  from space 4608K, 65% used [0x00000007bf700000,0x00000007bf9f5e58,0x00000007bfb80000)
  to   space 4608K, 0% used [0x00000007bfb80000,0x00000007bfb80000,0x00000007c0000000)
 ParOldGen       total 171008K, used 45471K [0x0000000700000000, 0x000000070a700000, 0x00000007bc400000)
  object space 171008K, 26% used [0x0000000700000000,0x0000000702c67e90,0x000000070a700000)
 Metaspace       used 58773K, capacity 59413K, committed 60032K, reserved 1101824K
  class space    used 7887K, capacity 8035K, committed 8064K, reserved 1048576K
Event: 1935.513 GC heap after
Heap after GC invocations=124 (full 7):
 PSYoungGen      total 56832K, used 0K [0x00000007bc400000, 0x00000007c0000000, 0x00000007c0000000)
  eden space 52224K, 0% used [0x00000007bc400000,0x00000007bc400000,0x00000007bf700000)
  from space 4608K, 0% used [0x00000007bf700000,0x00000007bf700000,0x00000007bfb80000)
  to   space 4608K, 0% used [0x00000007bfb80000,0x00000007bfb80000,0x00000007c0000000)
 ParOldGen       total 171008K, used 42971K [0x0000000700000000, 0x000000070a700000, 0x00000007bc400000)
  object space 171008K, 25% used [0x0000000700000000,0x00000007029f6de0,0x000000070a700000)
 Metaspace       used 58773K, capacity 59413K, committed 60032K, reserved 1101824K
  class space    used 7887K, capacity 8035K, committed 8064K, reserved 1048576K
}
Event: 1946.428 GC heap before
{Heap before GC invocations=125 (full 7):
 PSYoungGen      total 56832K, used 52224K [0x00000007bc400000, 0x00000007c0000000, 0x00000007c0000000)
  eden space 52224K, 100% used [0x00000007bc400000,0x00000007bf700000,0x00000007bf700000)
  from space 4608K, 0% used [0x00000007bf700000,0x00000007bf700000,0x00000007bfb80000)
  to   space 4608K, 0% used [0x00000007bfb80000,0x00000007bfb80000,0x00000007c0000000)
 ParOldGen       total 171008K, used 42971K [0x0000000700000000, 0x000000070a700000, 0x00000007bc400000)
  object space 171008K, 25% used [0x0000000700000000,0x00000007029f6de0,0x000000070a700000)
 Metaspace       used 58788K, capacity 59413K, committed 60032K, reserved 1101824K
  class space    used 7887K, capacity 8035K, committed 8064K, reserved 1048576K
Event: 1946.434 GC heap after
Heap after GC invocations=125 (full 7):
 PSYoungGen      total 55808K, used 544K [0x00000007bc400000, 0x00000007c0000000, 0x00000007c0000000)
  eden space 51200K, 0% used [0x00000007bc400000,0x00000007bc400000,0x00000007bf600000)
  from space 4608K, 11% used [0x00000007bfb80000,0x00000007bfc08000,0x00000007c0000000)
  to   space 5120K, 0% used [0x00000007bf600000,0x00000007bf600000,0x00000007bfb00000)
 ParOldGen       total 171008K, used 42979K [0x0000000700000000, 0x000000070a700000, 0x00000007bc400000)
  object space 171008K, 25% used [0x0000000700000000,0x00000007029f8de0,0x000000070a700000)
 Metaspace       used 58788K, capacity 59413K, committed 60032K, reserved 1101824K
  class space    used 7887K, capacity 8035K, committed 8064K, reserved 1048576K
}
Event: 1959.909 GC heap before
{Heap before GC invocations=126 (full 7):
 PSYoungGen      total 55808K, used 51744K [0x00000007bc400000, 0x00000007c0000000, 0x00000007c0000000)
  eden space 51200K, 100% used [0x00000007bc400000,0x00000007bf600000,0x00000007bf600000)
  from space 4608K, 11% used [0x00000007bfb80000,0x00000007bfc08000,0x00000007c0000000)
  to   space 5120K, 0% used [0x00000007bf600000,0x00000007bf600000,0x00000007bfb00000)
 ParOldGen       total 171008K, used 42979K [0x0000000700000000, 0x000000070a700000, 0x00000007bc400000)
  object space 171008K, 25% used [0x0000000700000000,0x00000007029f8de0,0x000000070a700000)
 Metaspace       used 58830K, capacity 59413K, committed 60032K, reserved 1101824K
  class space    used 7887K, capacity 8035K, committed 8064K, reserved 1048576K
Event: 1959.912 GC heap after
Heap after GC invocations=126 (full 7):
 PSYoungGen      total 56320K, used 1044K [0x00000007bc400000, 0x00000007c0000000, 0x00000007c0000000)
  eden space 51200K, 0% used [0x00000007bc400000,0x00000007bc400000,0x00000007bf600000)
  from space 5120K, 20% used [0x00000007bf600000,0x00000007bf7053f8,0x00000007bfb00000)
  to   space 5120K, 0% used [0x00000007bfb00000,0x00000007bfb00000,0x00000007c0000000)
 ParOldGen       total 171008K, used 42979K [0x0000000700000000, 0x000000070a700000, 0x00000007bc400000)
  object space 171008K, 25% used [0x0000000700000000,0x00000007029f8de0,0x000000070a700000)
 Metaspace       used 58830K, capacity 59413K, committed 60032K, reserved 1101824K
  class space    used 7887K, capacity 8035K, committed 8064K, reserved 1048576K
}
Event: 1962.533 GC heap before
{Heap before GC invocations=127 (full 7):
 PSYoungGen      total 56320K, used 52244K [0x00000007bc400000, 0x00000007c0000000, 0x00000007c0000000)
  eden space 51200K, 100% used [0x00000007bc400000,0x00000007bf600000,0x00000007bf600000)
  from space 5120K, 20% used [0x00000007bf600000,0x00000007bf7053f8,0x00000007bfb00000)
  to   space 5120K, 0% used [0x00000007bfb00000,0x00000007bfb00000,0x00000007c0000000)
 ParOldGen       total 171008K, used 42979K [0x0000000700000000, 0x000000070a700000, 0x00000007bc400000)
  object space 171008K, 25% used [0x0000000700000000,0x00000007029f8de0,0x000000070a700000)
 Metaspace       used 58853K, capacity 59477K, committed 60032K, reserved 1101824K
  class space    used 7887K, capacity 8035K, committed 8064K, reserved 1048576K
Event: 1962.538 GC heap after
Heap after GC invocations=127 (full 7):
 PSYoungGen      total 56320K, used 1943K [0x00000007bc400000, 0x00000007c0000000, 0x00000007c0000000)
  eden space 51200K, 0% used [0x00000007bc400000,0x00000007bc400000,0x00000007bf600000)
  from space 5120K, 37% used [0x00000007bfb00000,0x00000007bfce5f80,0x00000007c0000000)
  to   space 5120K, 0% used [0x00000007bf600000,0x00000007bf600000,0x00000007bfb00000)
 ParOldGen       total 171008K, used 42979K [0x0000000700000000, 0x000000070a700000, 0x00000007bc400000)
  object space 171008K, 25% used [0x0000000700000000,0x00000007029f8de0,0x000000070a700000)
 Metaspace       used 58853K, capacity 59477K, committed 60032K, reserved 1101824K
  class space    used 7887K, capacity 8035K, committed 8064K, reserved 1048576K
}

